build/app/intermediates/manifest_merge_blame_file/debug/manifest-merger-blame-debug-report.txt
1<?xml version="1.0" encoding="utf-8"?>
2<manifest xmlns:android="http://schemas.android.com/apk/res/android"
3    package="com.example.tubesmopro"
4    android:versionCode="1"
5    android:versionName="1.0.0" >
6
7    <uses-sdk
8        android:minSdkVersion="21"
9        android:targetSdkVersion="34" />
10    <!--
11         The INTERNET permission is required for development. Specifically,
12         the Flutter tool needs it to communicate with the running application
13         to allow setting breakpoints, to provide hot reload, etc.
14    -->
15    <uses-permission android:name="android.permission.INTERNET" />
15-->src\main\AndroidManifest.xml:4:5-66
15-->src\main\AndroidManifest.xml:4:22-64
16    <uses-permission android:name="android.permission.VIBRATE" />
16-->src\main\AndroidManifest.xml:5:5-65
16-->src\main\AndroidManifest.xml:5:22-63
17
18    <queries>
18-->src\main\AndroidManifest.xml:33:5-38:15
19        <intent>
19-->src\main\AndroidManifest.xml:34:9-37:18
20            <action android:name="android.intent.action.PROCESS_TEXT" />
20-->src\main\AndroidManifest.xml:35:13-72
20-->src\main\AndroidManifest.xml:35:21-70
21
22            <data android:mimeType="text/plain" />
22-->src\main\AndroidManifest.xml:36:13-50
22-->src\main\AndroidManifest.xml:36:19-48
23        </intent>
24    </queries>
25
26    <uses-permission android:name="android.permission.ACCESS_NETWORK_STATE" />
26-->[:connectivity_plus] AndroidManifest.xml:7:5-79
26-->[:connectivity_plus] AndroidManifest.xml:7:22-76
27    <uses-permission android:name="android.permission.POST_NOTIFICATIONS" />
27-->[:flutter_local_notifications] AndroidManifest.xml:8:5-77
27-->[:flutter_local_notifications] AndroidManifest.xml:8:22-74
28
29    <permission
29-->[androidx.core:core:1.13.1] AndroidManifest.xml:22:5-24:47
30        android:name="com.example.tubesmopro.DYNAMIC_RECEIVER_NOT_EXPORTED_PERMISSION"
30-->[androidx.core:core:1.13.1] AndroidManifest.xml:23:9-81
31        android:protectionLevel="signature" />
31-->[androidx.core:core:1.13.1] AndroidManifest.xml:24:9-44
32
33    <uses-permission android:name="com.example.tubesmopro.DYNAMIC_RECEIVER_NOT_EXPORTED_PERMISSION" />
33-->[androidx.core:core:1.13.1] AndroidManifest.xml:26:5-97
33-->[androidx.core:core:1.13.1] AndroidManifest.xml:26:22-94
34
35    <application
36        android:name="android.app.Application"
37        android:appComponentFactory="androidx.core.app.CoreComponentFactory"
37-->[androidx.core:core:1.13.1] AndroidManifest.xml:28:18-86
38        android:debuggable="true"
39        android:extractNativeLibs="true"
40        android:icon="@mipmap/ic_launcher"
41        android:label="tubesmopro" >
42        <activity
43            android:name="com.example.tubesmopro.MainActivity"
44            android:configChanges="orientation|keyboardHidden|keyboard|screenSize|smallestScreenSize|locale|layoutDirection|fontScale|screenLayout|density|uiMode"
45            android:exported="true"
46            android:hardwareAccelerated="true"
47            android:launchMode="singleTop"
48            android:taskAffinity=""
49            android:theme="@style/LaunchTheme"
50            android:windowSoftInputMode="adjustResize" >
51            <meta-data
52                android:name="io.flutter.embedding.android.NormalTheme"
53                android:resource="@style/NormalTheme" />
54
55            <intent-filter>
56                <action android:name="android.intent.action.MAIN" />
57
58                <category android:name="android.intent.category.LAUNCHER" />
59            </intent-filter>
60        </activity>
61
62        <meta-data
63            android:name="flutterEmbedding"
64            android:value="2" />
65        <!--
66           Declares a provider which allows us to store files to share in
67           '.../caches/share_plus' and grant the receiving action access
68        -->
69        <provider
69-->[:share_plus] AndroidManifest.xml:13:9-21:20
70            android:name="dev.fluttercommunity.plus.share.ShareFileProvider"
70-->[:share_plus] AndroidManifest.xml:14:13-77
71            android:authorities="com.example.tubesmopro.flutter.share_provider"
71-->[:share_plus] AndroidManifest.xml:15:13-74
72            android:exported="false"
72-->[:share_plus] AndroidManifest.xml:16:13-37
73            android:grantUriPermissions="true" >
73-->[:share_plus] AndroidManifest.xml:17:13-47
74            <meta-data
74-->[:share_plus] AndroidManifest.xml:18:13-20:68
75                android:name="android.support.FILE_PROVIDER_PATHS"
75-->[:share_plus] AndroidManifest.xml:19:17-67
76                android:resource="@xml/flutter_share_file_paths" />
76-->[:share_plus] AndroidManifest.xml:20:17-65
77        </provider>
78        <!--
79           This manifest declared broadcast receiver allows us to use an explicit
80           Intent when creating a PendingItent to be informed of the user's choice
81        -->
82        <receiver
82-->[:share_plus] AndroidManifest.xml:26:9-32:20
83            android:name="dev.fluttercommunity.plus.share.SharePlusPendingIntent"
83-->[:share_plus] AndroidManifest.xml:27:13-82
84            android:exported="false" >
84-->[:share_plus] AndroidManifest.xml:28:13-37
85            <intent-filter>
85-->[:share_plus] AndroidManifest.xml:29:13-31:29
86                <action android:name="EXTRA_CHOSEN_COMPONENT" />
86-->[:share_plus] AndroidManifest.xml:30:17-65
86-->[:share_plus] AndroidManifest.xml:30:25-62
87            </intent-filter>
88        </receiver>
89
90        <activity
90-->[:url_launcher_android] AndroidManifest.xml:8:9-11:74
91            android:name="io.flutter.plugins.urllauncher.WebViewActivity"
91-->[:url_launcher_android] AndroidManifest.xml:9:13-74
92            android:exported="false"
92-->[:url_launcher_android] AndroidManifest.xml:10:13-37
93            android:theme="@android:style/Theme.NoTitleBar.Fullscreen" />
93-->[:url_launcher_android] AndroidManifest.xml:11:13-71
94
95        <uses-library
95-->[androidx.window:window:1.2.0] AndroidManifest.xml:23:9-25:40
96            android:name="androidx.window.extensions"
96-->[androidx.window:window:1.2.0] AndroidManifest.xml:24:13-54
97            android:required="false" />
97-->[androidx.window:window:1.2.0] AndroidManifest.xml:25:13-37
98        <uses-library
98-->[androidx.window:window:1.2.0] AndroidManifest.xml:26:9-28:40
99            android:name="androidx.window.sidecar"
99-->[androidx.window:window:1.2.0] AndroidManifest.xml:27:13-51
100            android:required="false" />
100-->[androidx.window:window:1.2.0] AndroidManifest.xml:28:13-37
101
102        <provider
102-->[androidx.lifecycle:lifecycle-process:2.7.0] AndroidManifest.xml:24:9-32:20
103            android:name="androidx.startup.InitializationProvider"
103-->[androidx.lifecycle:lifecycle-process:2.7.0] AndroidManifest.xml:25:13-67
104            android:authorities="com.example.tubesmopro.androidx-startup"
104-->[androidx.lifecycle:lifecycle-process:2.7.0] AndroidManifest.xml:26:13-68
105            android:exported="false" >
105-->[androidx.lifecycle:lifecycle-process:2.7.0] AndroidManifest.xml:27:13-37
106            <meta-data
106-->[androidx.lifecycle:lifecycle-process:2.7.0] AndroidManifest.xml:29:13-31:52
107                android:name="androidx.lifecycle.ProcessLifecycleInitializer"
107-->[androidx.lifecycle:lifecycle-process:2.7.0] AndroidManifest.xml:30:17-78
108                android:value="androidx.startup" />
108-->[androidx.lifecycle:lifecycle-process:2.7.0] AndroidManifest.xml:31:17-49
109            <meta-data
109-->[androidx.profileinstaller:profileinstaller:1.3.1] AndroidManifest.xml:29:13-31:52
110                android:name="androidx.profileinstaller.ProfileInstallerInitializer"
110-->[androidx.profileinstaller:profileinstaller:1.3.1] AndroidManifest.xml:30:17-85
111                android:value="androidx.startup" />
111-->[androidx.profileinstaller:profileinstaller:1.3.1] AndroidManifest.xml:31:17-49
112        </provider>
113
114        <receiver
114-->[androidx.profileinstaller:profileinstaller:1.3.1] AndroidManifest.xml:34:9-52:20
115            android:name="androidx.profileinstaller.ProfileInstallReceiver"
115-->[androidx.profileinstaller:profileinstaller:1.3.1] AndroidManifest.xml:35:13-76
116            android:directBootAware="false"
116-->[androidx.profileinstaller:profileinstaller:1.3.1] AndroidManifest.xml:36:13-44
117            android:enabled="true"
117-->[androidx.profileinstaller:profileinstaller:1.3.1] AndroidManifest.xml:37:13-35
118            android:exported="true"
118-->[androidx.profileinstaller:profileinstaller:1.3.1] AndroidManifest.xml:38:13-36
119            android:permission="android.permission.DUMP" >
119-->[androidx.profileinstaller:profileinstaller:1.3.1] AndroidManifest.xml:39:13-57
120            <intent-filter>
120-->[androidx.profileinstaller:profileinstaller:1.3.1] AndroidManifest.xml:40:13-42:29
121                <action android:name="androidx.profileinstaller.action.INSTALL_PROFILE" />
121-->[androidx.profileinstaller:profileinstaller:1.3.1] AndroidManifest.xml:41:17-91
121-->[androidx.profileinstaller:profileinstaller:1.3.1] AndroidManifest.xml:41:25-88
122            </intent-filter>
123            <intent-filter>
123-->[androidx.profileinstaller:profileinstaller:1.3.1] AndroidManifest.xml:43:13-45:29
124                <action android:name="androidx.profileinstaller.action.SKIP_FILE" />
124-->[androidx.profileinstaller:profileinstaller:1.3.1] AndroidManifest.xml:44:17-85
124-->[androidx.profileinstaller:profileinstaller:1.3.1] AndroidManifest.xml:44:25-82
125            </intent-filter>
126            <intent-filter>
126-->[androidx.profileinstaller:profileinstaller:1.3.1] AndroidManifest.xml:46:13-48:29
127                <action android:name="androidx.profileinstaller.action.SAVE_PROFILE" />
127-->[androidx.profileinstaller:profileinstaller:1.3.1] AndroidManifest.xml:47:17-88
127-->[androidx.profileinstaller:profileinstaller:1.3.1] AndroidManifest.xml:47:25-85
128            </intent-filter>
129            <intent-filter>
129-->[androidx.profileinstaller:profileinstaller:1.3.1] AndroidManifest.xml:49:13-51:29
130                <action android:name="androidx.profileinstaller.action.BENCHMARK_OPERATION" />
130-->[androidx.profileinstaller:profileinstaller:1.3.1] AndroidManifest.xml:50:17-95
130-->[androidx.profileinstaller:profileinstaller:1.3.1] AndroidManifest.xml:50:25-92
131            </intent-filter>
132        </receiver>
133    </application>
134
135</manifest>